[04-Nov-2018 05:52:16 UTC] PHP Fatal error:  Uncaught Error: Call to undefined function putRevSlider() in /app/public/wp-content/themes/msm-v1/home.php:47
Stack trace:
#0 /app/public/wp-includes/template-loader.php(74): include()
#1 /app/public/wp-blog-header.php(19): require_once('/app/public/wp-...')
#2 /app/public/index.php(17): require('/app/public/wp-...')
#3 {main}
  thrown in /app/public/wp-content/themes/msm-v1/home.php on line 47
[04-Nov-2018 05:58:44 UTC] PHP Fatal error:  Uncaught Error: Call to undefined function putRevSlider() in /app/public/wp-content/themes/msm-v1/home.php:47
Stack trace:
#0 /app/public/wp-includes/template-loader.php(74): include()
#1 /app/public/wp-blog-header.php(19): require_once('/app/public/wp-...')
#2 /app/public/index.php(17): require('/app/public/wp-...')
#3 {main}
  thrown in /app/public/wp-content/themes/msm-v1/home.php on line 47
[05-Nov-2018 21:33:48 UTC] PHP Fatal error:  Uncaught Error: Call to undefined function putRevSlider() in /app/public/wp-content/themes/msm-v1/home.php:47
Stack trace:
#0 /app/public/wp-includes/template-loader.php(74): include()
#1 /app/public/wp-blog-header.php(19): require_once('/app/public/wp-...')
#2 /app/public/index.php(17): require('/app/public/wp-...')
#3 {main}
  thrown in /app/public/wp-content/themes/msm-v1/home.php on line 47
